Initializing built-in extension Generic Event Extension
Initializing built-in extension SHAPE
Initializing built-in extension MIT-SHM
Initializing built-in extension XInputExtension
Initializing built-in extension XTEST
Initializing built-in extension BIG-REQUESTS
Initializing built-in extension SYNC
Initializing built-in extension XKEYBOARD
Initializing built-in extension XC-MISC
Initializing built-in extension SECURITY
Initializing built-in extension XINERAMA
Initializing built-in extension XFIXES
Initializing built-in extension RENDER
Initializing built-in extension RANDR
Initializing built-in extension COMPOSITE
Initializing built-in extension DAMAGE
Initializing built-in extension MIT-SCREEN-SAVER
Initializing built-in extension DOUBLE-BUFFER
Initializing built-in extension RECORD
Initializing built-in extension DPMS
Initializing built-in extension Present
Initializing built-in extension DRI3
Initializing built-in extension X-Resource
Initializing built-in extension XVideo
Initializing built-in extension XVideo-MotionCompensation
Initializing built-in extension SELinux
Initializing built-in extension GLX
[dix] Could not init font path element /usr/share/fonts/X11/cyrillic, removing from list!
[dix] Could not init font path element /usr/share/fonts/X11/100dpi/:unscaled, removing from list!
[dix] Could not init font path element /usr/share/fonts/X11/75dpi/:unscaled, removing from list!
[dix] Could not init font path element /usr/share/fonts/X11/Type1, removing from list!
[dix] Could not init font path element /usr/share/fonts/X11/100dpi, removing from list!
[dix] Could not init font path element /usr/share/fonts/X11/75dpi, removing from list!

(Xpra:131): Gtk-WARNING **: Locale not supported by C library.
	Using the fallback 'C' locale.
Xlib:  extension "RANDR" missing on display ":10".
Xlib:  extension "RANDR" missing on display ":10".
2016-03-25 18:38:41,416 server uuid is 1c03a95eb1fd4189af7c1128f25e390c
Xlib:  extension "RANDR" missing on display ":10".
2016-03-25 18:38:41,435 error loading or registering our dbus notifications forwarder:
2016-03-25 18:38:41,435   org.freedesktop.DBus.Error.Spawn.ExecFailed: //bin/dbus-launch terminated abnormally without any error message
2016-03-25 18:38:41,435 if you do not have a dedicated dbus session for this xpra instance,
2016-03-25 18:38:41,435   you should use the '--no-notifications' flag
2016-03-25 18:38:41,435 
2016-03-25 18:38:41,436 cannot load dbus helper: org.freedesktop.DBus.Error.Spawn.ExecFailed: //bin/dbus-launch terminated abnormally without any error message
2016-03-25 18:38:41,439 csc module csc_opencl could not be loaded: No module named numpy
/bin/sh: 1: 2016-03-25 18:38:41,476 pulseaudio server started with pid 145
pulseaudio: not found
2016-03-25 18:38:41,476 child 'pulseaudio' with pid 145 has terminated
2016-03-25 18:38:41,512 started child '/etc/X11/Xsession true' with pid 146
2016-03-25 18:38:41,531 child '/etc/X11/Xsession true' with pid 146 has terminated
2016-03-25 18:38:41,551 started child 'Xephyr -ac -screen 800x600 -query localhost -host-cursor -reset -terminate :11' with pid 149
2016-03-25 18:38:41,551 xpra server version 0.12.3
2016-03-25 18:38:41,552 running with pid 131
Initializing built-in extension Generic Event Extension
Initializing built-in extension SHAPE
Initializing built-in extension MIT-SHM
Initializing built-in extension XInputExtension
Initializing built-in extension XTEST
Initializing built-in extension BIG-REQUESTS
Initializing built-in extension SYNC
Initializing built-in extension XKEYBOARD
Initializing built-in extension XC-MISC
Initializing built-in extension SECURITY
Initializing built-in extension XINERAMA
Initializing built-in extension XFIXES
Initializing built-in extension RENDER
Initializing built-in extension RANDR
Initializing built-in extension COMPOSITE
Initializing built-in extension DAMAGE
Initializing built-in extension MIT-SCREEN-SAVER
Initializing built-in extension DOUBLE-BUFFER
Initializing built-in extension RECORD
Initializing built-in extension DPMS
Initializing built-in extension Present
Initializing built-in extension DRI3
Initializing built-in extension X-Resource
Initializing built-in extension XVideo
Initializing built-in extension XVideo-MotionCompensation
Initializing built-in extension SELinux
Initializing built-in extension GLX
[dix] Could not init font path element /usr/share/fonts/X11/cyrillic, removing from list!
[dix] Could not init font path element /usr/share/fonts/X11/100dpi/:unscaled, removing from list!
[dix] Could not init font path element /usr/share/fonts/X11/75dpi/:unscaled, removing from list!
[dix] Could not init font path element /usr/share/fonts/X11/Type1, removing from list!
[dix] Could not init font path element /usr/share/fonts/X11/100dpi, removing from list!
[dix] Could not init font path element /usr/share/fonts/X11/75dpi, removing from list!
2016-03-25 18:38:41,574 error on publisher AvahiPublisher(Xpra ssh :10 :22 interface=-1)
Traceback (most recent call last):
  File "/usr/lib/python2.7/dist-packages/xpra/net/avahi_publisher.py", line 77, in start
    publisher.start()
  File "/usr/lib/python2.7/dist-packages/xpra/net/avahi_publisher.py", line 118, in start
    bus = dbus.SystemBus()
  File "/usr/lib/python2.7/dist-packages/dbus/_dbus.py", line 194, in __new__
    private=private)
  File "/usr/lib/python2.7/dist-packages/dbus/_dbus.py", line 100, in __new__
    bus = BusConnection.__new__(subclass, bus_type, mainloop=mainloop)
  File "/usr/lib/python2.7/dist-packages/dbus/bus.py", line 122, in __new__
    bus = cls._new_for_bus(address_or_type, mainloop=mainloop)
DBusException: org.freedesktop.DBus.Error.FileNotFound: Failed to connect to socket /var/run/dbus/system_bus_socket: No such file or directory
2016-03-25 18:38:41,574 error on publisher AvahiPublisher(Xpra ssh :10 :22 interface=-1): org.freedesktop.DBus.Error.FileNotFound: Failed to connect to socket /var/run/dbus/system_bus_socket: No such file or directory
2016-03-25 18:38:41,574 xpra is ready.
2016-03-25 18:38:43,478 Warning: pulseaudio has terminated. Either fix the pulseaudio command line or use --no-pulseaudio to avoid this warning.
2016-03-25 18:38:43,478  usually, only a single pulseaudio instance can be running for each user account, and one may be running already
2016-03-25 18:38:46,561 New connection received: SocketConnection(/home/docker/.xpra/751135a33f25-10)
2016-03-25 18:38:46,679 Handshake complete; enabling connection
2016-03-25 18:38:46,683 Python/Gtk2 Linux client version 0.12.3 connected from 'slin-ubuntu' as 'slin' ('slin')
2016-03-25 18:38:46,684 client supplied an mmap_file: /tmp/xpra.jy81zf.mmap but we cannot find it
2016-03-25 18:38:46,684 using h264 as primary encoding, also available: vp8, png, png/P, png/L, webp, rgb24, jpeg, rgb32
2016-03-25 18:38:46,684 client root window size is 3840x1080 with 1 displays:
2016-03-25 18:38:46,684   ':0.0' (1016x286 mm) workarea: 3775x1056 at 65x24
2016-03-25 18:38:46,684     DVI-0 1920x1080 (510x287 mm)
2016-03-25 18:38:46,684     DisplayPort-0 1920x1080 at 1920x0 (510x287 mm)
2016-03-25 18:38:46,685 setting key repeat rate from client: 500ms delay / 30ms interval
2016-03-25 18:38:46,686 setting keymap: rules=evdev, model=pc105, layout=fr,us
The XKEYBOARD keymap compiler (xkbcomp) reports:
> Warning:          Type "ONE_LEVEL" has 1 levels, but <RALT> has 2 symbols
>                   Ignoring extra symbols
Errors from xkbcomp are not fatal to the X server
2016-03-25 18:38:46,705 setting full keymap definition from client via xkbcomp
Gtk-Message: Failed to load module "canberra-gtk-module"
Gtk-Message: Failed to load module "canberra-gtk-module"
2016-03-25 18:38:51,021 Connection lost
2016-03-25 18:38:51,021 xpra client disconnected.
(EE) 
Fatal server error:
(EE) (EE) BUG: triggered 'if (f[f_idx])'
(EE) BUG: ../../os/log.c:467 in pnprintf()
(EE) Unsupported printf directive '*'
(EE) 
(EE) Backtrace:
(EE) 0: Xephyr (xorg_backtrace+0x48) [0x563aa5521678]
(EE) 1: Xephyr (LogVMessageVerbSigSafe+0x87d) [0x563aa552d63d]
(EE) 2: Xephyr (FatalError+0xd5) [0x563aa552d905]
(EE) 3: Xephyr (0x563aa5391000+0x19ea54) [0x563aa552fa54]
(EE) 4: Xephyr (0x563aa5391000+0x19ef35) [0x563aa552ff35]
(EE) 5: Xephyr (WakeupHandler+0x6d) [0x563aa53f01ad]
(EE) 6: Xephyr (WaitForSomething+0x1bf) [0x563aa551ebcf]
(EE) 7: Xephyr (0x563aa5391000+0x5a581) [0x563aa53eb581]
(EE) 8: Xephyr (0x563aa5391000+0x5e6ba) [0x563aa53ef6ba]
(EE) 9: /lib/x86_64-linux-gnu/libc.so.6 (__libc_start_main+0xf5) [0x7ff8057caec5]
(EE) 10: Xephyr (0x563aa5391000+0x3b0fe) [0x563aa53cc0fe]
(EE) 
XDMCP fatal error: Session failed %*.*s
(EE) 
2016-03-25 18:39:56,594 child 'Xephyr -ac -screen 800x600 -query localhost -host-cursor -reset -terminate :11' with pid 149 has terminated
